{
  "Cucumber Features": {
    "coverage": {
      "/home/mbs729/calendar-sync/app/controllers/calendars_controller.rb": [
        1,
        1,
        null,
        null
      ],
      "/home/mbs729/calendar-sync/app/controllers/application_controller.rb": [
        1,
        null,
        null,
        1,
        null
      ],
      "/home/mbs729/calendar-sync/app/helpers/application_helper.rb": [
        1,
        null
      ],
      "/home/mbs729/calendar-sync/app/controllers/events_controller.rb": [
        1,
        1,
        4,
        4,
        null,
        null,
        1,
        null,
        6,
        null,
        null,
        null,
        null,
        null,
        null,
        1,
        2,
        2,
        null,
        0,
        0,
        0,
        null,
        null,
        2,
        null,
        null,
        1,
        1,
        1,
        0,
        0,
        0,
        null,
        1,
        1,
        1,
        1,
        null,
        null,
        1,
        4,
        3,
        null,
        1,
        1,
        1,
        null,
        null,
        4,
        null,
        null,
        4,
        null,
        null,
        null,
        null,
        null,
        null,
        1,
        2,
        2,
        2,
        1,
        1,
        1,
        null,
        1,
        1,
        1,
        null,
        null,
        1,
        1,
        1,
        1,
        1,
        null,
        null,
        1,
        null,
        null,
        1,
        5,
        null,
        null,
        null,
        null
      ],
      "/home/mbs729/calendar-sync/app/models/event.rb": [
        1,
        1,
        3,
        3,
        3,
        3,
        27,
        1,
        1,
        null,
        null,
        3,
        null,
        null
      ]
    },
    "timestamp": 1426310501
  },
  "RSpec": {
    "coverage": {
      "/home/mbs729/calendar-sync/app/helpers/application_helper.rb": [
        1,
        null
      ],
      "/home/mbs729/calendar-sync/app/controllers/events_controller.rb": [
        1,
        1,
        0,
        0,
        null,
        null,
        1,
        null,
        1,
        null,
        null,
        null,
        null,
        null,
        null,
        1,
        1,
        1,
        null,
        0,
        0,
        0,
        null,
        null,
        1,
        null,
        null,
        1,
        1,
        0,
        0,
        0,
        0,
        null,
        0,
        0,
        0,
        0,
        null,
        null,
        1,
        1,
        1,
        null,
        0,
        0,
        0,
        null,
        null,
        1,
        null,
        null,
        1,
        null,
        null,
        null,
        null,
        null,
        null,
        1,
        1,
        1,
        0,
        0,
        0,
        0,
        null,
        0,
        0,
        0,
        null,
        null,
        1,
        1,
        1,
        1,
        1,
        null,
        null,
        1,
        null,
        null,
        1,
        2,
        null,
        null,
        null,
        null
      ],
      "/home/mbs729/calendar-sync/app/models/event.rb": [
        1,
        1,
        0,
        0,
        0,
        0,
        0,
        0,
        0,
        null,
        null,
        0,
        null,
        null
      ]
    },
    "timestamp": 1426310347
  }
}
