{
  "RSpec": {
    "coverage": {
      "/home/mike/Documents/calendar-sync/app/helpers/application_helper.rb": [
        1,
        null
      ],
      "/home/mike/Documents/calendar-sync/app/helpers/guests_helper.rb": [
        1,
        null
      ],
      "/home/mike/Documents/calendar-sync/app/helpers/sessions_helper.rb": [
        1,
        null
      ],
      "/home/mike/Documents/calendar-sync/app/controllers/calendars_controller.rb": [
        1,
        null,
        1,
        null,
        null,
        null,
        5,
        5,
        5,
        2,
        3,
        1,
        null,
        2,
        null,
        null,
        null,
        null,
        null
      ],
      "/home/mike/Documents/calendar-sync/app/controllers/application_controller.rb": [
        1,
        null,
        null,
        1,
        1,
        null,
        1,
        0,
        null,
        null,
        1,
        0,
        null,
        null,
        null
      ],
      "/home/mike/Documents/calendar-sync/app/controllers/events_controller.rb": [
        1,
        null,
        1,
        0,
        0,
        null,
        null,
        1,
        6,
        null,
        6,
        null,
        6,
        null,
        null,
        3,
        3,
        1,
        null,
        2,
        null,
        null,
        null,
        null,
        null,
        null,
        1,
        null,
        null,
        null,
        null,
        null,
        null,
        null,
        null,
        null,
        null,
        null,
        1,
        3,
        3,
        1,
        1,
        1,
        1,
        null,
        2,
        null,
        null,
        3,
        null,
        null,
        1,
        9,
        null,
        null,
        1,
        2,
        8,
        2,
        null,
        null,
        null,
        1,
        1,
        1,
        null,
        0,
        0,
        0,
        0,
        null,
        null,
        null,
        1,
        null,
        null,
        1,
        1,
        1,
        0,
        0,
        0,
        null,
        1,
        1,
        1,
        1,
        null,
        null,
        1,
        1,
        1,
        null,
        0,
        0,
        0,
        null,
        null,
        1,
        null,
        null,
        1,
        null,
        null,
        null,
        null,
        null,
        null,
        1,
        1,
        1,
        1,
        0,
        0,
        0,
        null,
        1,
        1,
        1,
        null,
        null,
        1,
        1,
        1,
        1,
        1,
        null,
        null,
        1,
        null,
        null,
        1,
        4,
        null,
        null,
        null,
        null
      ],
      "/home/mike/Documents/calendar-sync/app/controllers/guests_controller.rb": [
        1,
        null
      ],
      "/home/mike/Documents/calendar-sync/app/controllers/sessions_controller.rb": [
        1,
        1,
        null,
        1,
        0,
        null,
        0,
        null,
        0,
        0,
        null,
        null,
        1,
        0,
        0,
        null,
        null,
        1,
        0,
        null,
        null
      ],
      "/home/mike/Documents/calendar-sync/app/models/event.rb": [
        1,
        1,
        1,
        null,
        1,
        4,
        4,
        4,
        4,
        16,
        1,
        1,
        null,
        null,
        4,
        null,
        null,
        1,
        39,
        null,
        null,
        1,
        2,
        null,
        null,
        1,
        5,
        5,
        5,
        4,
        null,
        5,
        null,
        null,
        1,
        null,
        4,
        null,
        null,
        1,
        null,
        null,
        null,
        null,
        4,
        null,
        4,
        4,
        4,
        2,
        74,
        74,
        null,
        null,
        null,
        4,
        null,
        null,
        null,
        1,
        3,
        2,
        2,
        37,
        37,
        null,
        0,
        0,
        null,
        0,
        null,
        null,
        37,
        null,
        null,
        2,
        null,
        null,
        null,
        null,
        null,
        null,
        1,
        null,
        3,
        3,
        null,
        null,
        null,
        1,
        4,
        null,
        4,
        2,
        2,
        null,
        2,
        null,
        2,
        2,
        2,
        null,
        null,
        null,
        0,
        null,
        null,
        0,
        null,
        null,
        2,
        null,
        null,
        2,
        null,
        null,
        null,
        1,
        0,
        null,
        null,
        null,
        null
      ],
      "/home/mike/Documents/calendar-sync/app/models/guest.rb": [
        1,
        1,
        1,
        null,
        1,
        0,
        null,
        null,
        1,
        0,
        null,
        null,
        null,
        1,
        4,
        4,
        3,
        null,
        1,
        null,
        null,
        null,
        1,
        2,
        null,
        null,
        1,
        2,
        2,
        null,
        null,
        null,
        null
      ],
      "/home/mike/Documents/calendar-sync/app/models/meetup.rb": [
        1,
        null,
        1,
        null,
        1,
        1,
        null,
        1,
        null,
        1,
        1,
        null,
        null,
        1,
        1,
        null,
        1,
        null,
        null,
        25,
        25,
        null,
        null,
        null,
        null,
        null,
        null,
        null,
        null,
        null,
        null,
        null,
        null,
        null,
        null,
        null,
        null,
        null,
        null,
        null,
        null,
        null,
        null,
        1,
        null,
        0,
        0,
        0,
        0,
        0,
        0,
        0,
        0,
        null,
        null,
        1,
        null,
        null,
        null,
        null,
        0,
        0,
        0,
        null,
        0,
        null,
        null,
        1,
        0,
        0,
        0,
        null,
        null,
        null,
        null,
        null,
        1,
        3,
        3,
        null,
        null,
        1,
        6,
        5,
        null,
        6,
        6,
        3,
        114,
        null,
        null,
        null,
        1,
        4,
        4,
        4,
        1,
        5,
        null,
        null,
        null,
        null,
        null,
        null,
        null,
        null,
        null,
        null,
        null,
        null,
        null,
        null,
        null,
        1,
        null,
        null,
        null,
        null,
        null,
        null,
        null,
        null,
        null,
        null,
        null,
        null,
        112,
        null,
        null,
        null,
        1,
        114,
        null,
        null,
        null,
        null,
        89,
        null,
        25,
        null,
        null,
        null,
        null,
        null,
        1,
        null,
        null,
        null,
        null,
        null,
        1,
        null,
        null,
        1,
        0,
        0,
        0,
        0,
        0,
        0,
        null,
        null,
        null,
        1,
        null,
        null,
        null,
        null,
        1,
        2,
        2,
        7,
        2,
        null,
        null,
        1,
        229,
        229,
        null,
        null,
        1,
        113,
        113,
        113,
        null,
        null,
        null,
        null,
        null,
        null,
        null,
        null,
        null,
        null,
        1,
        113,
        89,
        89,
        89,
        89,
        89,
        89,
        89,
        null,
        null,
        null,
        1,
        null,
        null,
        null,
        null,
        4,
        null,
        null,
        1,
        44,
        null,
        null,
        null,
        null,
        null,
        null,
        null,
        null,
        null,
        null,
        null,
        null,
        null,
        null
      ],
      "/home/mike/Documents/calendar-sync/app/models/registration.rb": [
        1,
        1,
        1,
        null,
        null,
        1,
        2,
        null,
        null,
        null,
        null
      ],
      "/home/mike/Documents/calendar-sync/app/models/user.rb": [
        1,
        1,
        0,
        0,
        0,
        0,
        0,
        0,
        null,
        null,
        null,
        null,
        1,
        0,
        null,
        null,
        1,
        0,
        0,
        null,
        null,
        1,
        0,
        0,
        0,
        0,
        0,
        0,
        0,
        0,
        0,
        null,
        null,
        0,
        null,
        null,
        null,
        null
      ]
    },
    "timestamp": 1427946600
  },
  "Cucumber Features": {
    "coverage": {
      "/home/mike/Documents/calendar-sync/app/controllers/calendars_controller.rb": [
        1,
        null,
        1,
        null,
        null,
        null,
        11,
        11,
        11,
        0,
        11,
        0,
        null,
        11,
        null,
        null,
        null,
        null,
        null
      ],
      "/home/mike/Documents/calendar-sync/app/controllers/application_controller.rb": [
        1,
        null,
        null,
        1,
        1,
        null,
        1,
        11,
        null,
        null,
        1,
        0,
        null,
        null,
        null
      ],
      "/home/mike/Documents/calendar-sync/app/helpers/application_helper.rb": [
        1,
        null
      ],
      "/home/mike/Documents/calendar-sync/app/helpers/guests_helper.rb": [
        1,
        null
      ],
      "/home/mike/Documents/calendar-sync/app/helpers/sessions_helper.rb": [
        1,
        null
      ],
      "/home/mike/Documents/calendar-sync/app/models/event.rb": [
        1,
        1,
        1,
        null,
        1,
        6,
        6,
        6,
        6,
        54,
        1,
        1,
        null,
        null,
        6,
        null,
        null,
        1,
        407,
        null,
        null,
        1,
        0,
        null,
        null,
        1,
        0,
        0,
        0,
        0,
        null,
        0,
        null,
        null,
        1,
        null,
        0,
        null,
        null,
        1,
        null,
        null,
        null,
        null,
        11,
        null,
        11,
        11,
        11,
        11,
        407,
        407,
        null,
        null,
        null,
        11,
        null,
        null,
        null,
        1,
        11,
        11,
        11,
        407,
        407,
        null,
        0,
        0,
        null,
        0,
        null,
        null,
        407,
        null,
        null,
        11,
        null,
        null,
        null,
        null,
        null,
        null,
        1,
        null,
        9,
        9,
        null,
        null,
        null,
        1,
        9,
        null,
        9,
        0,
        0,
        null,
        0,
        null,
        0,
        0,
        0,
        null,
        null,
        null,
        0,
        null,
        null,
        0,
        null,
        null,
        0,
        null,
        null,
        0,
        null,
        null,
        null,
        1,
        0,
        null,
        null,
        null,
        null
      ],
      "/home/mike/Documents/calendar-sync/app/models/meetup.rb": [
        1,
        null,
        1,
        null,
        1,
        1,
        null,
        1,
        null,
        1,
        1,
        null,
        null,
        1,
        1,
        null,
        1,
        null,
        null,
        20,
        20,
        null,
        null,
        null,
        null,
        null,
        null,
        null,
        null,
        null,
        null,
        null,
        null,
        null,
        null,
        null,
        null,
        null,
        null,
        null,
        null,
        null,
        null,
        1,
        null,
        0,
        0,
        0,
        0,
        0,
        0,
        0,
        0,
        null,
        null,
        1,
        null,
        null,
        null,
        null,
        0,
        0,
        0,
        null,
        0,
        null,
        null,
        1,
        0,
        0,
        0,
        null,
        null,
        null,
        null,
        null,
        1,
        0,
        0,
        null,
        null,
        1,
        11,
        11,
        null,
        11,
        11,
        11,
        418,
        null,
        null,
        null,
        1,
        9,
        9,
        9,
        0,
        0,
        null,
        null,
        null,
        null,
        null,
        null,
        null,
        null,
        null,
        null,
        null,
        null,
        null,
        null,
        null,
        1,
        null,
        null,
        null,
        null,
        null,
        null,
        null,
        null,
        null,
        null,
        null,
        null,
        407,
        null,
        null,
        null,
        1,
        407,
        null,
        null,
        null,
        null,
        319,
        null,
        88,
        null,
        null,
        null,
        null,
        null,
        1,
        null,
        null,
        null,
        null,
        null,
        0,
        null,
        null,
        1,
        0,
        0,
        0,
        0,
        0,
        0,
        null,
        null,
        null,
        1,
        null,
        null,
        null,
        null,
        1,
        0,
        0,
        0,
        0,
        null,
        null,
        1,
        814,
        814,
        null,
        null,
        1,
        407,
        407,
        407,
        null,
        null,
        null,
        null,
        null,
        null,
        null,
        null,
        null,
        null,
        1,
        407,
        319,
        319,
        319,
        319,
        319,
        319,
        319,
        null,
        null,
        null,
        1,
        null,
        null,
        null,
        null,
        0,
        null,
        null,
        1,
        69,
        null,
        null,
        null,
        null,
        null,
        null,
        null,
        null,
        null,
        null,
        null,
        null,
        null,
        null
      ],
      "/home/mike/Documents/calendar-sync/app/controllers/events_controller.rb": [
        1,
        null,
        1,
        12,
        12,
        null,
        null,
        1,
        9,
        null,
        9,
        null,
        9,
        null,
        null,
        9,
        0,
        0,
        null,
        0,
        null,
        null,
        null,
        null,
        null,
        null,
        1,
        null,
        null,
        null,
        null,
        null,
        null,
        null,
        null,
        null,
        null,
        null,
        1,
        0,
        0,
        0,
        0,
        0,
        0,
        null,
        0,
        null,
        null,
        0,
        null,
        null,
        1,
        0,
        null,
        null,
        1,
        0,
        0,
        0,
        null,
        null,
        null,
        1,
        5,
        4,
        null,
        1,
        1,
        0,
        0,
        null,
        null,
        null,
        5,
        null,
        null,
        1,
        4,
        4,
        0,
        0,
        0,
        null,
        4,
        4,
        4,
        4,
        null,
        null,
        1,
        4,
        3,
        null,
        1,
        1,
        1,
        null,
        null,
        4,
        null,
        null,
        4,
        null,
        null,
        null,
        null,
        null,
        null,
        1,
        2,
        2,
        2,
        1,
        1,
        1,
        null,
        1,
        1,
        1,
        null,
        null,
        1,
        1,
        1,
        1,
        1,
        null,
        null,
        1,
        null,
        null,
        1,
        11,
        null,
        null,
        null,
        null
      ],
      "/home/mike/Documents/calendar-sync/app/models/guest.rb": [
        1,
        1,
        1,
        null,
        1,
        0,
        null,
        null,
        1,
        0,
        null,
        null,
        null,
        1,
        0,
        0,
        0,
        null,
        0,
        null,
        null,
        null,
        1,
        0,
        null,
        null,
        1,
        0,
        0,
        null,
        null,
        null,
        null
      ],
      "/home/mike/Documents/calendar-sync/app/models/registration.rb": [
        1,
        1,
        1,
        null,
        null,
        1,
        0,
        null,
        null,
        null,
        null
      ]
    },
    "timestamp": 1427946628
  }
}
